Added Component: Designator=D1(1206_D)
Added Component: Designator=R1(1206)
Added Component: Designator=R2(MLT1/4)
Added Component: Designator=R3(0805)
Added Component: Designator=R4(0805)
Added Component: Designator=R6(0805)
Added Component: Designator=T1(TO-18S)
Added Pin To Net: NetName=15V Pin=R4-2
Added Pin To Net: NetName=15V Pin=R6-2
Added Net: Name=15V
Added Pin To Net: NetName=GND Pin=R1-2
Added Pin To Net: NetName=GND Pin=R2-1
Added Pin To Net: NetName=GND Pin=R3-2
Added Pin To Net: NetName=GND Pin=T1-E
Added Net: Name=GND
Added Pin To Net: NetName=NetD1_A Pin=D1-A
Added Pin To Net: NetName=NetD1_A Pin=R4-1
Added Pin To Net: NetName=NetD1_A Pin=R6-1
Added Pin To Net: NetName=NetD1_A Pin=T1-C
Added Net: Name=NetD1_A
Added Pin To Net: NetName=NetD1_K Pin=D1-K
Added Pin To Net: NetName=NetD1_K Pin=R3-1
Added Net: Name=NetD1_K
Added Pin To Net: NetName=NetR1_1 Pin=R1-1
Added Pin To Net: NetName=NetR1_1 Pin=R2-2
Added Pin To Net: NetName=NetR1_1 Pin=T1-B
Added Net: Name=NetR1_1
Added Class: Name=Sheet1
Added Rule: Name=Schematic Supply Nets
Added Rule: Name=Schematic Supply Nets_1
